STcan/build/outputs/logs/manifest-merger-debug-report.txt
-- Merging decision tree log ---
manifest
ADDED from M2\STcan\AndroidManifest.xml:2:1-73:12
	package
		ADDED from M2\STcan\AndroidManifest.xml:3:5-33
	android:versionName
		ADDED from M2\STcan\AndroidManifest.xml:5:5-30
		INJECTED from M2\STcan\AndroidManifest.xml
		INJECTED from M2\STcan\AndroidManifest.xml
	android:versionCode
		ADDED from M2\STcan\AndroidManifest.xml:4:5-28
		INJECTED from M2\STcan\AndroidManifest.xml
		INJECTED from M2\STcan\AndroidManifest.xml
	xmlns:android
		ADDED from M2\STcan\AndroidManifest.xml:2:11-69
uses-sdk
ADDED from M2\STcan\AndroidManifest.xml:7:5-9:41
	android:targetSdkVersion
		ADDED from M2\STcan\AndroidManifest.xml:9:9-38
	android:minSdkVersion
		ADDED from M2\STcan\AndroidManifest.xml:8:9-35
uses-permission#android.permission.INTERNET
ADDED from M2\STcan\AndroidManifest.xml:10:5-83
	android:name
		ADDED from M2\STcan\AndroidManifest.xml:10:22-64
uses-permission#android.permission.BLUETOOTH
ADDED from M2\STcan\AndroidManifest.xml:11:5-68
	android:name
		ADDED from M2\STcan\AndroidManifest.xml:11:22-65
uses-permission#android.permission.BLUETOOTH_ADMIN
ADDED from M2\STcan\AndroidManifest.xml:12:5-74
	android:name
		ADDED from M2\STcan\AndroidManifest.xml:12:22-71
uses-permission#android.permission.WRITE_EXTERNAL_STORAGE
ADDED from M2\STcan\AndroidManifest.xml:13:5-81
	android:name
		ADDED from M2\STcan\AndroidManifest.xml:13:22-78
uses-permission#android.permission.PERSISTENT_ACTIVITY
ADDED from M2\STcan\AndroidManifest.xml:14:5-78
	android:name
		ADDED from M2\STcan\AndroidManifest.xml:14:22-75
application
ADDED from M2\STcan\AndroidManifest.xml:16:5-71:19
	android:label
		ADDED from M2\STcan\AndroidManifest.xml:19:9-41
	android:allowBackup
		ADDED from M2\STcan\AndroidManifest.xml:17:9-35
	android:icon
		ADDED from M2\STcan\AndroidManifest.xml:18:9-45
	android:theme
		ADDED from M2\STcan\AndroidManifest.xml:20:9-40
activity#main.DeviceListActivity
ADDED from M2\STcan\AndroidManifest.xml:21:9-24:20
	android:label
		ADDED from M2\STcan\AndroidManifest.xml:23:13-45
	android:name
		ADDED from M2\STcan\AndroidManifest.xml:22:13-51
activity#main.DeviceControlActivity
ADDED from M2\STcan\AndroidManifest.xml:25:9-28:20
	android:label
		ADDED from M2\STcan\AndroidManifest.xml:27:13-45
	android:name
		ADDED from M2\STcan\AndroidManifest.xml:26:13-54
activity#main.DeviceSettingActivity
ADDED from M2\STcan\AndroidManifest.xml:29:9-32:20
	android:label
		ADDED from M2\STcan\AndroidManifest.xml:31:13-45
	android:name
		ADDED from M2\STcan\AndroidManifest.xml:30:13-54
service#main.BluetoothLeService
ADDED from M2\STcan\AndroidManifest.xml:34:9-36:38
	android:enabled
		ADDED from M2\STcan\AndroidManifest.xml:36:13-35
	android:name
		ADDED from M2\STcan\AndroidManifest.xml:35:13-51
activity#main.ReadyActivity
ADDED from M2\STcan\AndroidManifest.xml:38:9-46:20
	android:label
		ADDED from M2\STcan\AndroidManifest.xml:40:13-45
	android:name
		ADDED from M2\STcan\AndroidManifest.xml:39:13-46
intent-filter#android.intent.action.MAIN+android.intent.category.LAUNCHER
ADDED from M2\STcan\AndroidManifest.xml:41:13-45:29
action#android.intent.action.MAIN
ADDED from M2\STcan\AndroidManifest.xml:42:17-69
	android:name
		ADDED from M2\STcan\AndroidManifest.xml:42:25-66
category#android.intent.category.LAUNCHER
ADDED from M2\STcan\AndroidManifest.xml:44:17-77
	android:name
		ADDED from M2\STcan\AndroidManifest.xml:44:27-74
activity#main.CheckActivity
ADDED from M2\STcan\AndroidManifest.xml:47:9-50:20
	android:label
		ADDED from M2\STcan\AndroidManifest.xml:49:13-57
	android:name
		ADDED from M2\STcan\AndroidManifest.xml:48:13-46
activity#main.TestActivity
ADDED from M2\STcan\AndroidManifest.xml:51:9-54:20
	android:label
		ADDED from M2\STcan\AndroidManifest.xml:53:13-56
	android:name
		ADDED from M2\STcan\AndroidManifest.xml:52:13-45
activity#test.HotActivity
ADDED from M2\STcan\AndroidManifest.xml:55:9-58:20
	android:label
		ADDED from M2\STcan\AndroidManifest.xml:57:13-55
	android:name
		ADDED from M2\STcan\AndroidManifest.xml:56:13-44
activity#test.ComfortableActivity
ADDED from M2\STcan\AndroidManifest.xml:59:9-62:20
	android:label
		ADDED from M2\STcan\AndroidManifest.xml:61:13-63
	android:name
		ADDED from M2\STcan\AndroidManifest.xml:60:13-52
activity#test.ColdActivity
ADDED from M2\STcan\AndroidManifest.xml:63:9-66:20
	android:label
		ADDED from M2\STcan\AndroidManifest.xml:65:13-56
	android:name
		ADDED from M2\STcan\AndroidManifest.xml:64:13-45